Loading [1mparallel-fastq-dump/0.6.7[22m
  [94mLoading requirement[0m: sratoolkit/3.0.0
2022-12-05 15:53:05,442 - SRR ids: ['SRR6077851']
2022-12-05 15:53:05,442 - extra args: ['--split-files', '--gzip']
2022-12-05 15:53:05,443 - tempdir: /scratch/xxu092/3156514/pfd_e9co3sx3
2022-12-05 15:53:05,443 - CMD: sra-stat --meta --quick SRR6077851
2022-12-05 15:53:08,074 - SRR6077851 spots: 26613246
2022-12-05 15:53:08,074 - blocks: [[1, 1663327], [1663328, 3326654], [3326655, 4989981], [4989982, 6653308], [6653309, 8316635], [8316636, 9979962], [9979963, 11643289], [11643290, 13306616], [13306617, 14969943], [14969944, 16633270], [16633271, 18296597], [18296598, 19959924], [19959925, 21623251], [21623252, 23286578], [23286579, 24949905], [24949906, 26613246]]
2022-12-05 15:53:08,074 - CMD: fastq-dump -N 1 -X 1663327 -O /scratch/xxu092/3156514/pfd_e9co3sx3/0 --split-files --gzip SRR6077851
2022-12-05 15:53:08,079 - CMD: fastq-dump -N 1663328 -X 3326654 -O /scratch/xxu092/3156514/pfd_e9co3sx3/1 --split-files --gzip SRR6077851
2022-12-05 15:53:08,082 - CMD: fastq-dump -N 3326655 -X 4989981 -O /scratch/xxu092/3156514/pfd_e9co3sx3/2 --split-files --gzip SRR6077851
2022-12-05 15:53:08,085 - CMD: fastq-dump -N 4989982 -X 6653308 -O /scratch/xxu092/3156514/pfd_e9co3sx3/3 --split-files --gzip SRR6077851
2022-12-05 15:53:08,091 - CMD: fastq-dump -N 6653309 -X 8316635 -O /scratch/xxu092/3156514/pfd_e9co3sx3/4 --split-files --gzip SRR6077851
2022-12-05 15:53:08,096 - CMD: fastq-dump -N 8316636 -X 9979962 -O /scratch/xxu092/3156514/pfd_e9co3sx3/5 --split-files --gzip SRR6077851
2022-12-05 15:53:08,101 - CMD: fastq-dump -N 9979963 -X 11643289 -O /scratch/xxu092/3156514/pfd_e9co3sx3/6 --split-files --gzip SRR6077851
2022-12-05 15:53:08,107 - CMD: fastq-dump -N 11643290 -X 13306616 -O /scratch/xxu092/3156514/pfd_e9co3sx3/7 --split-files --gzip SRR6077851
2022-12-05 15:53:08,113 - CMD: fastq-dump -N 13306617 -X 14969943 -O /scratch/xxu092/3156514/pfd_e9co3sx3/8 --split-files --gzip SRR6077851
2022-12-05 15:53:08,124 - CMD: fastq-dump -N 14969944 -X 16633270 -O /scratch/xxu092/3156514/pfd_e9co3sx3/9 --split-files --gzip SRR6077851
2022-12-05 15:53:08,127 - CMD: fastq-dump -N 16633271 -X 18296597 -O /scratch/xxu092/3156514/pfd_e9co3sx3/10 --split-files --gzip SRR6077851
2022-12-05 15:53:08,133 - CMD: fastq-dump -N 18296598 -X 19959924 -O /scratch/xxu092/3156514/pfd_e9co3sx3/11 --split-files --gzip SRR6077851
2022-12-05 15:53:08,143 - CMD: fastq-dump -N 19959925 -X 21623251 -O /scratch/xxu092/3156514/pfd_e9co3sx3/12 --split-files --gzip SRR6077851
2022-12-05 15:53:08,146 - CMD: fastq-dump -N 21623252 -X 23286578 -O /scratch/xxu092/3156514/pfd_e9co3sx3/13 --split-files --gzip SRR6077851
2022-12-05 15:53:08,149 - CMD: fastq-dump -N 23286579 -X 24949905 -O /scratch/xxu092/3156514/pfd_e9co3sx3/14 --split-files --gzip SRR6077851
2022-12-05 15:53:08,153 - CMD: fastq-dump -N 24949906 -X 26613246 -O /scratch/xxu092/3156514/pfd_e9co3sx3/15 --split-files --gzip SRR6077851
Rejected 1663327 READS because READLEN < 1
Read 1663327 spots for SRR6077851
Written 1663327 spots for SRR6077851
Rejected 1663327 READS because READLEN < 1
Read 1663327 spots for SRR6077851
Written 1663327 spots for SRR6077851
Rejected 1663327 READS because READLEN < 1
Read 1663327 spots for SRR6077851
Written 1663327 spots for SRR6077851
Rejected 1663327 READS because READLEN < 1
Read 1663327 spots for SRR6077851
Written 1663327 spots for SRR6077851
Rejected 1663327 READS because READLEN < 1
Read 1663327 spots for SRR6077851
Written 1663327 spots for SRR6077851
Rejected 1663327 READS because READLEN < 1
Read 1663327 spots for SRR6077851
Written 1663327 spots for SRR6077851
Rejected 1663327 READS because READLEN < 1
Read 1663327 spots for SRR6077851
Written 1663327 spots for SRR6077851
Rejected 1663327 READS because READLEN < 1
Read 1663327 spots for SRR6077851
Written 1663327 spots for SRR6077851
Rejected 1663327 READS because READLEN < 1
Read 1663327 spots for SRR6077851
Written 1663327 spots for SRR6077851
Rejected 1663327 READS because READLEN < 1
Read 1663327 spots for SRR6077851
Written 1663327 spots for SRR6077851
Rejected 1663327 READS because READLEN < 1
Read 1663327 spots for SRR6077851
Written 1663327 spots for SRR6077851
Rejected 1663327 READS because READLEN < 1
Read 1663327 spots for SRR6077851
Written 1663327 spots for SRR6077851
Rejected 1663327 READS because READLEN < 1
Read 1663327 spots for SRR6077851
Written 1663327 spots for SRR6077851
Rejected 1663341 READS because READLEN < 1
Read 1663341 spots for SRR6077851
Written 1663341 spots for SRR6077851
Rejected 1663327 READS because READLEN < 1
Read 1663327 spots for SRR6077851
Written 1663327 spots for SRR6077851
Rejected 1663327 READS because READLEN < 1
Read 1663327 spots for SRR6077851
Written 1663327 spots for SRR6077851
