Loading parallel-fastq-dump/0.6.7
  Loading requirement: sratoolkit/3.0.0
2022-12-02 16:32:03,277 - SRR ids: ['SRR6077850']
2022-12-02 16:32:03,278 - extra args: ['--split-files', '--gzip']
2022-12-02 16:32:03,278 - tempdir: /scratch/xxu092/3136061/pfd_j578kwpx
2022-12-02 16:32:03,278 - CMD: sra-stat --meta --quick SRR6077850
2022-12-02 16:32:07,537 - SRR6077850 spots: 28462017
2022-12-02 16:32:07,538 - blocks: [[1, 1778876], [1778877, 3557752], [3557753, 5336628], [5336629, 7115504], [7115505, 8894380], [8894381, 10673256], [10673257, 12452132], [12452133, 14231008], [14231009, 16009884], [16009885, 17788760], [17788761, 19567636], [19567637, 21346512], [21346513, 23125388], [23125389, 24904264], [24904265, 26683140], [26683141, 28462017]]
2022-12-02 16:32:07,538 - CMD: fastq-dump -N 1 -X 1778876 -O /scratch/xxu092/3136061/pfd_j578kwpx/0 --split-files --gzip SRR6077850
2022-12-02 16:32:07,540 - CMD: fastq-dump -N 1778877 -X 3557752 -O /scratch/xxu092/3136061/pfd_j578kwpx/1 --split-files --gzip SRR6077850
2022-12-02 16:32:07,545 - CMD: fastq-dump -N 3557753 -X 5336628 -O /scratch/xxu092/3136061/pfd_j578kwpx/2 --split-files --gzip SRR6077850
2022-12-02 16:32:07,549 - CMD: fastq-dump -N 5336629 -X 7115504 -O /scratch/xxu092/3136061/pfd_j578kwpx/3 --split-files --gzip SRR6077850
2022-12-02 16:32:07,556 - CMD: fastq-dump -N 7115505 -X 8894380 -O /scratch/xxu092/3136061/pfd_j578kwpx/4 --split-files --gzip SRR6077850
2022-12-02 16:32:07,561 - CMD: fastq-dump -N 8894381 -X 10673256 -O /scratch/xxu092/3136061/pfd_j578kwpx/5 --split-files --gzip SRR6077850
2022-12-02 16:32:07,564 - CMD: fastq-dump -N 10673257 -X 12452132 -O /scratch/xxu092/3136061/pfd_j578kwpx/6 --split-files --gzip SRR6077850
2022-12-02 16:32:07,570 - CMD: fastq-dump -N 12452133 -X 14231008 -O /scratch/xxu092/3136061/pfd_j578kwpx/7 --split-files --gzip SRR6077850
2022-12-02 16:32:07,574 - CMD: fastq-dump -N 14231009 -X 16009884 -O /scratch/xxu092/3136061/pfd_j578kwpx/8 --split-files --gzip SRR6077850
2022-12-02 16:32:07,584 - CMD: fastq-dump -N 16009885 -X 17788760 -O /scratch/xxu092/3136061/pfd_j578kwpx/9 --split-files --gzip SRR6077850
2022-12-02 16:32:07,589 - CMD: fastq-dump -N 17788761 -X 19567636 -O /scratch/xxu092/3136061/pfd_j578kwpx/10 --split-files --gzip SRR6077850
2022-12-02 16:32:07,591 - CMD: fastq-dump -N 19567637 -X 21346512 -O /scratch/xxu092/3136061/pfd_j578kwpx/11 --split-files --gzip SRR6077850
2022-12-02 16:32:07,598 - CMD: fastq-dump -N 21346513 -X 23125388 -O /scratch/xxu092/3136061/pfd_j578kwpx/12 --split-files --gzip SRR6077850
2022-12-02 16:32:07,604 - CMD: fastq-dump -N 23125389 -X 24904264 -O /scratch/xxu092/3136061/pfd_j578kwpx/13 --split-files --gzip SRR6077850
2022-12-02 16:32:07,608 - CMD: fastq-dump -N 24904265 -X 26683140 -O /scratch/xxu092/3136061/pfd_j578kwpx/14 --split-files --gzip SRR6077850
2022-12-02 16:32:07,614 - CMD: fastq-dump -N 26683141 -X 28462017 -O /scratch/xxu092/3136061/pfd_j578kwpx/15 --split-files --gzip SRR6077850
Failed to call external services.
Failed to call external services.
Failed to call external services.
Failed to call external services.
Failed to call external services.
Failed to call external services.
Failed to call external services.
Failed to call external services.
Failed to call external services.
Rejected 1778876 READS because READLEN < 1
Read 1778876 spots for SRR6077850
Written 1778876 spots for SRR6077850
Rejected 1778876 READS because READLEN < 1
Read 1778876 spots for SRR6077850
Written 1778876 spots for SRR6077850
Rejected 1778876 READS because READLEN < 1
Read 1778876 spots for SRR6077850
Written 1778876 spots for SRR6077850
2022-12-02 16:33:45,781 - fastq-dump error! exit code: 64
