Loading [1mparallel-fastq-dump/0.6.7[22m
  [94mLoading requirement[0m: sratoolkit/3.0.0
2022-12-05 15:53:05,857 - SRR ids: ['SRR6077855']
2022-12-05 15:53:05,857 - extra args: ['--split-files', '--gzip']
2022-12-05 15:53:05,858 - tempdir: /scratch/xxu092/3156518/pfd_sqa0wi2v
2022-12-05 15:53:05,858 - CMD: sra-stat --meta --quick SRR6077855
2022-12-05 15:53:08,651 - SRR6077855 spots: 29143643
2022-12-05 15:53:08,651 - blocks: [[1, 1821477], [1821478, 3642954], [3642955, 5464431], [5464432, 7285908], [7285909, 9107385], [9107386, 10928862], [10928863, 12750339], [12750340, 14571816], [14571817, 16393293], [16393294, 18214770], [18214771, 20036247], [20036248, 21857724], [21857725, 23679201], [23679202, 25500678], [25500679, 27322155], [27322156, 29143643]]
2022-12-05 15:53:08,651 - CMD: fastq-dump -N 1 -X 1821477 -O /scratch/xxu092/3156518/pfd_sqa0wi2v/0 --split-files --gzip SRR6077855
2022-12-05 15:53:08,653 - CMD: fastq-dump -N 1821478 -X 3642954 -O /scratch/xxu092/3156518/pfd_sqa0wi2v/1 --split-files --gzip SRR6077855
2022-12-05 15:53:08,655 - CMD: fastq-dump -N 3642955 -X 5464431 -O /scratch/xxu092/3156518/pfd_sqa0wi2v/2 --split-files --gzip SRR6077855
2022-12-05 15:53:08,657 - CMD: fastq-dump -N 5464432 -X 7285908 -O /scratch/xxu092/3156518/pfd_sqa0wi2v/3 --split-files --gzip SRR6077855
2022-12-05 15:53:08,660 - CMD: fastq-dump -N 7285909 -X 9107385 -O /scratch/xxu092/3156518/pfd_sqa0wi2v/4 --split-files --gzip SRR6077855
2022-12-05 15:53:08,663 - CMD: fastq-dump -N 9107386 -X 10928862 -O /scratch/xxu092/3156518/pfd_sqa0wi2v/5 --split-files --gzip SRR6077855
2022-12-05 15:53:08,665 - CMD: fastq-dump -N 10928863 -X 12750339 -O /scratch/xxu092/3156518/pfd_sqa0wi2v/6 --split-files --gzip SRR6077855
2022-12-05 15:53:08,668 - CMD: fastq-dump -N 12750340 -X 14571816 -O /scratch/xxu092/3156518/pfd_sqa0wi2v/7 --split-files --gzip SRR6077855
2022-12-05 15:53:08,670 - CMD: fastq-dump -N 14571817 -X 16393293 -O /scratch/xxu092/3156518/pfd_sqa0wi2v/8 --split-files --gzip SRR6077855
2022-12-05 15:53:08,675 - CMD: fastq-dump -N 16393294 -X 18214770 -O /scratch/xxu092/3156518/pfd_sqa0wi2v/9 --split-files --gzip SRR6077855
2022-12-05 15:53:08,682 - CMD: fastq-dump -N 18214771 -X 20036247 -O /scratch/xxu092/3156518/pfd_sqa0wi2v/10 --split-files --gzip SRR6077855
2022-12-05 15:53:08,686 - CMD: fastq-dump -N 20036248 -X 21857724 -O /scratch/xxu092/3156518/pfd_sqa0wi2v/11 --split-files --gzip SRR6077855
2022-12-05 15:53:08,690 - CMD: fastq-dump -N 21857725 -X 23679201 -O /scratch/xxu092/3156518/pfd_sqa0wi2v/12 --split-files --gzip SRR6077855
2022-12-05 15:53:08,698 - CMD: fastq-dump -N 23679202 -X 25500678 -O /scratch/xxu092/3156518/pfd_sqa0wi2v/13 --split-files --gzip SRR6077855
2022-12-05 15:53:08,703 - CMD: fastq-dump -N 25500679 -X 27322155 -O /scratch/xxu092/3156518/pfd_sqa0wi2v/14 --split-files --gzip SRR6077855
2022-12-05 15:53:08,711 - CMD: fastq-dump -N 27322156 -X 29143643 -O /scratch/xxu092/3156518/pfd_sqa0wi2v/15 --split-files --gzip SRR6077855
Rejected 1821477 READS because READLEN < 1
Read 1821477 spots for SRR6077855
Written 1821477 spots for SRR6077855
Failed to call external services.
Failed to call external servicesFailed to call external services..

Failed to call external services.
Rejected 1821477 READS because READLEN < 1
Read 1821477 spots for SRR6077855
Written 1821477 spots for SRR6077855
Rejected 1821477 READS because READLEN < 1
Read 1821477 spots for SRR6077855
Written 1821477 spots for SRR6077855
Rejected 1821477 READS because READLEN < 1
Read 1821477 spots for SRR6077855
Written 1821477 spots for SRR6077855
Rejected 1821477 READS because READLEN < 1
Read 1821477 spots for SRR6077855
Written 1821477 spots for SRR6077855
Rejected 1821477 READS because READLEN < 1
Read 1821477 spots for SRR6077855
Written 1821477 spots for SRR6077855
Rejected 1821477 READS because READLEN < 1
Read 1821477 spots for SRR6077855
Written 1821477 spots for SRR6077855
Rejected 1821477 READS because READLEN < 1
Read 1821477 spots for SRR6077855
Written 1821477 spots for SRR6077855
Rejected 1821477 READS because READLEN < 1
Read 1821477 spots for SRR6077855
Written 1821477 spots for SRR6077855
Rejected 1821477 READS because READLEN < 1
Read 1821477 spots for SRR6077855
Written 1821477 spots for SRR6077855
Rejected 1821477 READS because READLEN < 1
Read 1821477 spots for SRR6077855
Written 1821477 spots for SRR6077855
Rejected 1821477 READS because READLEN < 1
Read 1821477 spots for SRR6077855
Written 1821477 spots for SRR6077855
2022-12-05 15:55:10,216 - fastq-dump error! exit code: 64
