Loading parallel-fastq-dump/0.6.7
  Loading requirement: sratoolkit/3.0.0
2022-12-02 16:32:03,303 - SRR ids: ['SRR6077853']
2022-12-02 16:32:03,303 - extra args: ['--split-files', '--gzip']
2022-12-02 16:32:03,304 - tempdir: /scratch/xxu092/3136064/pfd_6ze_r8c2
2022-12-02 16:32:03,304 - CMD: sra-stat --meta --quick SRR6077853
2022-12-02 16:32:06,602 - SRR6077853 spots: 33802869
2022-12-02 16:32:06,602 - blocks: [[1, 2112679], [2112680, 4225358], [4225359, 6338037], [6338038, 8450716], [8450717, 10563395], [10563396, 12676074], [12676075, 14788753], [14788754, 16901432], [16901433, 19014111], [19014112, 21126790], [21126791, 23239469], [23239470, 25352148], [25352149, 27464827], [27464828, 29577506], [29577507, 31690185], [31690186, 33802869]]
2022-12-02 16:32:06,602 - CMD: fastq-dump -N 1 -X 2112679 -O /scratch/xxu092/3136064/pfd_6ze_r8c2/0 --split-files --gzip SRR6077853
2022-12-02 16:32:06,607 - CMD: fastq-dump -N 2112680 -X 4225358 -O /scratch/xxu092/3136064/pfd_6ze_r8c2/1 --split-files --gzip SRR6077853
2022-12-02 16:32:06,612 - CMD: fastq-dump -N 4225359 -X 6338037 -O /scratch/xxu092/3136064/pfd_6ze_r8c2/2 --split-files --gzip SRR6077853
2022-12-02 16:32:06,616 - CMD: fastq-dump -N 6338038 -X 8450716 -O /scratch/xxu092/3136064/pfd_6ze_r8c2/3 --split-files --gzip SRR6077853
2022-12-02 16:32:06,624 - CMD: fastq-dump -N 8450717 -X 10563395 -O /scratch/xxu092/3136064/pfd_6ze_r8c2/4 --split-files --gzip SRR6077853
2022-12-02 16:32:06,626 - CMD: fastq-dump -N 10563396 -X 12676074 -O /scratch/xxu092/3136064/pfd_6ze_r8c2/5 --split-files --gzip SRR6077853
2022-12-02 16:32:06,629 - CMD: fastq-dump -N 12676075 -X 14788753 -O /scratch/xxu092/3136064/pfd_6ze_r8c2/6 --split-files --gzip SRR6077853
2022-12-02 16:32:06,637 - CMD: fastq-dump -N 14788754 -X 16901432 -O /scratch/xxu092/3136064/pfd_6ze_r8c2/7 --split-files --gzip SRR6077853
2022-12-02 16:32:06,640 - CMD: fastq-dump -N 16901433 -X 19014111 -O /scratch/xxu092/3136064/pfd_6ze_r8c2/8 --split-files --gzip SRR6077853
2022-12-02 16:32:06,646 - CMD: fastq-dump -N 19014112 -X 21126790 -O /scratch/xxu092/3136064/pfd_6ze_r8c2/9 --split-files --gzip SRR6077853
2022-12-02 16:32:06,651 - CMD: fastq-dump -N 21126791 -X 23239469 -O /scratch/xxu092/3136064/pfd_6ze_r8c2/10 --split-files --gzip SRR6077853
2022-12-02 16:32:06,656 - CMD: fastq-dump -N 23239470 -X 25352148 -O /scratch/xxu092/3136064/pfd_6ze_r8c2/11 --split-files --gzip SRR6077853
2022-12-02 16:32:06,661 - CMD: fastq-dump -N 25352149 -X 27464827 -O /scratch/xxu092/3136064/pfd_6ze_r8c2/12 --split-files --gzip SRR6077853
2022-12-02 16:32:06,667 - CMD: fastq-dump -N 27464828 -X 29577506 -O /scratch/xxu092/3136064/pfd_6ze_r8c2/13 --split-files --gzip SRR6077853
2022-12-02 16:32:06,670 - CMD: fastq-dump -N 29577507 -X 31690185 -O /scratch/xxu092/3136064/pfd_6ze_r8c2/14 --split-files --gzip SRR6077853
2022-12-02 16:32:06,674 - CMD: fastq-dump -N 31690186 -X 33802869 -O /scratch/xxu092/3136064/pfd_6ze_r8c2/15 --split-files --gzip SRR6077853
Rejected 2112679 READS because READLEN < 1
Read 2112679 spots for SRR6077853
Written 2112679 spots for SRR6077853
Rejected 2112679 READS because READLEN < 1
Read 2112679 spots for SRR6077853
Written 2112679 spots for SRR6077853
Rejected 2112679 READS because READLEN < 1
Read 2112679 spots for SRR6077853
Written 2112679 spots for SRR6077853
Rejected 2112679 READS because READLEN < 1
Read 2112679 spots for SRR6077853
Written 2112679 spots for SRR6077853
Rejected 2112679 READS because READLEN < 1
Read 2112679 spots for SRR6077853
Written 2112679 spots for SRR6077853
Rejected 2112679 READS because READLEN < 1
Read 2112679 spots for SRR6077853
Written 2112679 spots for SRR6077853
Rejected 2112684 READS because READLEN < 1
Read 2112684 spots for SRR6077853
Written 2112684 spots for SRR6077853
Rejected 2112679 READS because READLEN < 1
Read 2112679 spots for SRR6077853
Written 2112679 spots for SRR6077853
Rejected 2112679 READS because READLEN < 1
Read 2112679 spots for SRR6077853
Written 2112679 spots for SRR6077853
Rejected 2112679 READS because READLEN < 1
Read 2112679 spots for SRR6077853
Written 2112679 spots for SRR6077853
Rejected 2112679 READS because READLEN < 1
Read 2112679 spots for SRR6077853
Written 2112679 spots for SRR6077853
Rejected 2112679 READS because READLEN < 1
Read 2112679 spots for SRR6077853
Written 2112679 spots for SRR6077853
Rejected 2112679 READS because READLEN < 1
Read 2112679 spots for SRR6077853
Written 2112679 spots for SRR6077853
Rejected 2112679 READS because READLEN < 1
Read 2112679 spots for SRR6077853
Written 2112679 spots for SRR6077853
Rejected 2112679 READS because READLEN < 1
Read 2112679 spots for SRR6077853
Written 2112679 spots for SRR6077853
Rejected 2112679 READS because READLEN < 1
Read 2112679 spots for SRR6077853
Written 2112679 spots for SRR6077853
