Loading [1mparallel-fastq-dump/0.6.7[22m
  [94mLoading requirement[0m: sratoolkit/3.0.0
2022-12-05 15:53:05,857 - SRR ids: ['SRR6077859']
2022-12-05 15:53:05,857 - extra args: ['--split-files', '--gzip']
2022-12-05 15:53:05,857 - tempdir: /scratch/xxu092/3156510/pfd_6vx12fgw
2022-12-05 15:53:05,857 - CMD: sra-stat --meta --quick SRR6077859
2022-12-05 15:53:08,693 - SRR6077859 spots: 26140578
2022-12-05 15:53:08,693 - blocks: [[1, 1633786], [1633787, 3267572], [3267573, 4901358], [4901359, 6535144], [6535145, 8168930], [8168931, 9802716], [9802717, 11436502], [11436503, 13070288], [13070289, 14704074], [14704075, 16337860], [16337861, 17971646], [17971647, 19605432], [19605433, 21239218], [21239219, 22873004], [22873005, 24506790], [24506791, 26140578]]
2022-12-05 15:53:08,693 - CMD: fastq-dump -N 1 -X 1633786 -O /scratch/xxu092/3156510/pfd_6vx12fgw/0 --split-files --gzip SRR6077859
2022-12-05 15:53:08,697 - CMD: fastq-dump -N 1633787 -X 3267572 -O /scratch/xxu092/3156510/pfd_6vx12fgw/1 --split-files --gzip SRR6077859
2022-12-05 15:53:08,706 - CMD: fastq-dump -N 3267573 -X 4901358 -O /scratch/xxu092/3156510/pfd_6vx12fgw/2 --split-files --gzip SRR6077859
2022-12-05 15:53:08,710 - CMD: fastq-dump -N 4901359 -X 6535144 -O /scratch/xxu092/3156510/pfd_6vx12fgw/3 --split-files --gzip SRR6077859
2022-12-05 15:53:08,715 - CMD: fastq-dump -N 6535145 -X 8168930 -O /scratch/xxu092/3156510/pfd_6vx12fgw/4 --split-files --gzip SRR6077859
2022-12-05 15:53:08,726 - CMD: fastq-dump -N 8168931 -X 9802716 -O /scratch/xxu092/3156510/pfd_6vx12fgw/5 --split-files --gzip SRR6077859
2022-12-05 15:53:08,736 - CMD: fastq-dump -N 9802717 -X 11436502 -O /scratch/xxu092/3156510/pfd_6vx12fgw/6 --split-files --gzip SRR6077859
2022-12-05 15:53:08,742 - CMD: fastq-dump -N 11436503 -X 13070288 -O /scratch/xxu092/3156510/pfd_6vx12fgw/7 --split-files --gzip SRR6077859
2022-12-05 15:53:08,748 - CMD: fastq-dump -N 13070289 -X 14704074 -O /scratch/xxu092/3156510/pfd_6vx12fgw/8 --split-files --gzip SRR6077859
2022-12-05 15:53:08,760 - CMD: fastq-dump -N 14704075 -X 16337860 -O /scratch/xxu092/3156510/pfd_6vx12fgw/9 --split-files --gzip SRR6077859
2022-12-05 15:53:08,765 - CMD: fastq-dump -N 16337861 -X 17971646 -O /scratch/xxu092/3156510/pfd_6vx12fgw/10 --split-files --gzip SRR6077859
2022-12-05 15:53:08,772 - CMD: fastq-dump -N 17971647 -X 19605432 -O /scratch/xxu092/3156510/pfd_6vx12fgw/11 --split-files --gzip SRR6077859
2022-12-05 15:53:08,781 - CMD: fastq-dump -N 19605433 -X 21239218 -O /scratch/xxu092/3156510/pfd_6vx12fgw/12 --split-files --gzip SRR6077859
2022-12-05 15:53:08,787 - CMD: fastq-dump -N 21239219 -X 22873004 -O /scratch/xxu092/3156510/pfd_6vx12fgw/13 --split-files --gzip SRR6077859
2022-12-05 15:53:08,798 - CMD: fastq-dump -N 22873005 -X 24506790 -O /scratch/xxu092/3156510/pfd_6vx12fgw/14 --split-files --gzip SRR6077859
2022-12-05 15:53:08,814 - CMD: fastq-dump -N 24506791 -X 26140578 -O /scratch/xxu092/3156510/pfd_6vx12fgw/15 --split-files --gzip SRR6077859
Rejected 1633786 READS because READLEN < 1
Read 1633786 spots for SRR6077859
Written 1633786 spots for SRR6077859
Failed to call external services.
Failed to call external services.
Failed to call external services.
Failed to call external services.
Failed to call external services.
Rejected 1633786 READS because READLEN < 1
Read 1633786 spots for SRR6077859
Written 1633786 spots for SRR6077859
Rejected 1633786 READS because READLEN < 1
Read 1633786 spots for SRR6077859
Written 1633786 spots for SRR6077859
Rejected 1633786 READS because READLEN < 1
Read 1633786 spots for SRR6077859
Written 1633786 spots for SRR6077859
Rejected 1633786 READS because READLEN < 1
Read 1633786 spots for SRR6077859
Written 1633786 spots for SRR6077859
Rejected 1633786 READS because READLEN < 1
Read 1633786 spots for SRR6077859
Written 1633786 spots for SRR6077859
Rejected 1633786 READS because READLEN < 1
Read 1633786 spots for SRR6077859
Written 1633786 spots for SRR6077859
Rejected 1633786 READS because READLEN < 1
Read 1633786 spots for SRR6077859
Written 1633786 spots for SRR6077859
Rejected 1633786 READS because READLEN < 1
Read 1633786 spots for SRR6077859
Written 1633786 spots for SRR6077859
Rejected 1633786 READS because READLEN < 1
Read 1633786 spots for SRR6077859
Written 1633786 spots for SRR6077859
2022-12-05 15:54:58,490 - fastq-dump error! exit code: 64
