Loading parallel-fastq-dump/0.6.7
  Loading requirement: sratoolkit/3.0.0
2022-12-02 16:32:03,538 - SRR ids: ['SRR6077857']
2022-12-02 16:32:03,538 - extra args: ['--split-files', '--gzip']
2022-12-02 16:32:03,539 - tempdir: /scratch/xxu092/3136068/pfd_5hej85zp
2022-12-02 16:32:03,539 - CMD: sra-stat --meta --quick SRR6077857
2022-12-02 16:32:06,804 - SRR6077857 spots: 29335789
2022-12-02 16:32:06,804 - blocks: [[1, 1833486], [1833487, 3666972], [3666973, 5500458], [5500459, 7333944], [7333945, 9167430], [9167431, 11000916], [11000917, 12834402], [12834403, 14667888], [14667889, 16501374], [16501375, 18334860], [18334861, 20168346], [20168347, 22001832], [22001833, 23835318], [23835319, 25668804], [25668805, 27502290], [27502291, 29335789]]
2022-12-02 16:32:06,804 - CMD: fastq-dump -N 1 -X 1833486 -O /scratch/xxu092/3136068/pfd_5hej85zp/0 --split-files --gzip SRR6077857
2022-12-02 16:32:06,815 - CMD: fastq-dump -N 1833487 -X 3666972 -O /scratch/xxu092/3136068/pfd_5hej85zp/1 --split-files --gzip SRR6077857
2022-12-02 16:32:06,820 - CMD: fastq-dump -N 3666973 -X 5500458 -O /scratch/xxu092/3136068/pfd_5hej85zp/2 --split-files --gzip SRR6077857
2022-12-02 16:32:06,827 - CMD: fastq-dump -N 5500459 -X 7333944 -O /scratch/xxu092/3136068/pfd_5hej85zp/3 --split-files --gzip SRR6077857
2022-12-02 16:32:06,833 - CMD: fastq-dump -N 7333945 -X 9167430 -O /scratch/xxu092/3136068/pfd_5hej85zp/4 --split-files --gzip SRR6077857
2022-12-02 16:32:06,839 - CMD: fastq-dump -N 9167431 -X 11000916 -O /scratch/xxu092/3136068/pfd_5hej85zp/5 --split-files --gzip SRR6077857
2022-12-02 16:32:06,846 - CMD: fastq-dump -N 11000917 -X 12834402 -O /scratch/xxu092/3136068/pfd_5hej85zp/6 --split-files --gzip SRR6077857
2022-12-02 16:32:06,856 - CMD: fastq-dump -N 12834403 -X 14667888 -O /scratch/xxu092/3136068/pfd_5hej85zp/7 --split-files --gzip SRR6077857
2022-12-02 16:32:06,870 - CMD: fastq-dump -N 14667889 -X 16501374 -O /scratch/xxu092/3136068/pfd_5hej85zp/8 --split-files --gzip SRR6077857
2022-12-02 16:32:06,875 - CMD: fastq-dump -N 16501375 -X 18334860 -O /scratch/xxu092/3136068/pfd_5hej85zp/9 --split-files --gzip SRR6077857
2022-12-02 16:32:06,879 - CMD: fastq-dump -N 18334861 -X 20168346 -O /scratch/xxu092/3136068/pfd_5hej85zp/10 --split-files --gzip SRR6077857
2022-12-02 16:32:06,887 - CMD: fastq-dump -N 20168347 -X 22001832 -O /scratch/xxu092/3136068/pfd_5hej85zp/11 --split-files --gzip SRR6077857
2022-12-02 16:32:06,892 - CMD: fastq-dump -N 22001833 -X 23835318 -O /scratch/xxu092/3136068/pfd_5hej85zp/12 --split-files --gzip SRR6077857
2022-12-02 16:32:06,899 - CMD: fastq-dump -N 23835319 -X 25668804 -O /scratch/xxu092/3136068/pfd_5hej85zp/13 --split-files --gzip SRR6077857
2022-12-02 16:32:06,912 - CMD: fastq-dump -N 25668805 -X 27502290 -O /scratch/xxu092/3136068/pfd_5hej85zp/14 --split-files --gzip SRR6077857
2022-12-02 16:32:06,921 - CMD: fastq-dump -N 27502291 -X 29335789 -O /scratch/xxu092/3136068/pfd_5hej85zp/15 --split-files --gzip SRR6077857
Failed to call external services.
Rejected 1833486 READS because READLEN < 1
Read 1833486 spots for SRR6077857
Written 1833486 spots for SRR6077857
Rejected 1833486 READS because READLEN < 1
Read 1833486 spots for SRR6077857
Written 1833486 spots for SRR6077857
Rejected 1833486 READS because READLEN < 1
Read 1833486 spots for SRR6077857
Written 1833486 spots for SRR6077857
Rejected 1833486 READS because READLEN < 1
Read 1833486 spots for SRR6077857
Written 1833486 spots for SRR6077857
Rejected 1833486 READS because READLEN < 1
Read 1833486 spots for SRR6077857
Written 1833486 spots for SRR6077857
Rejected 1833486 READS because READLEN < 1
Read 1833486 spots for SRR6077857
Written 1833486 spots for SRR6077857
Rejected 1833499 READS because READLEN < 1
Read 1833499 spots for SRR6077857
Written 1833499 spots for SRR6077857
Rejected 1833486 READS because READLEN < 1
Read 1833486 spots for SRR6077857
Written 1833486 spots for SRR6077857
Rejected 1833486 READS because READLEN < 1
Read 1833486 spots for SRR6077857
Written 1833486 spots for SRR6077857
Rejected 1833486 READS because READLEN < 1
Read 1833486 spots for SRR6077857
Written 1833486 spots for SRR6077857
Rejected 1833486 READS because READLEN < 1
Read 1833486 spots for SRR6077857
Written 1833486 spots for SRR6077857
Rejected 1833486 READS because READLEN < 1
Read 1833486 spots for SRR6077857
Written 1833486 spots for SRR6077857
Rejected 1833486 READS because READLEN < 1
Read 1833486 spots for SRR6077857
Written 1833486 spots for SRR6077857
Rejected 1833486 READS because READLEN < 1
Read 1833486 spots for SRR6077857
Written 1833486 spots for SRR6077857
2022-12-02 16:33:56,123 - fastq-dump error! exit code: 64
